16:46:12 **** Build of configuration build for project primary ****
python "D:\\itri\\foxBMS\\src\\foxBMS-setup\\.ws/../build.py" --primary 
Setting top to                           : D:\itri\foxBMS\src\foxBMS-setup 
Setting out to                           : D:\itri\foxBMS\src\foxBMS-setup\build\primary 
Checking for program 'arm-none-eabi-strip' : C:\foxconda\Library\bin\arm-none-eabi-strip.exe 
Checking for program 'arm-none-eabi-objcopy' : C:\foxconda\Library\bin\arm-none-eabi-objcopy.exe 
Checking for program 'arm-none-eabi-size'    : C:\foxconda\Library\bin\arm-none-eabi-size.exe 
Checking for program 'arm-none-eabi-gdb'     : C:\foxconda\Library\bin\arm-none-eabi-gdb.exe 
Checking for program 'python'                : C:\foxconda\python.exe 
Checking for program 'dot'                   : C:\foxconda\Library\bin\dot.bat 
Checking for 'gcc' (C compiler)              : arm-none-eabi-gcc.exe 
Checking for program 'doxygen'               : C:\foxconda\Scripts\doxygen.exe 
Checking for program 'tar'                   : not found 
Checking for program 'sphinx-build'          : C:\foxconda\Scripts\sphinx-build.exe 
Checking for program 'git'                   : C:\foxconda\Library\bin\git.exe 
arm-none-eabi-gcc GCC
Checking for program 'arm-none-eabi-gcc'     : C:\foxconda\Library\bin\arm-none-eabi-gcc.exe 
arm-none-eabi-ar AR
Checking for program 'arm-none-eabi-ar'      : arm-none-eabi-ar.exe 
arm-none-eabi-cpp CPP
Checking for program 'arm-none-eabi-cpp'     : C:\foxconda\Library\bin\arm-none-eabi-cpp.exe 
arm-none-eabi-ranlib RANLIB
Checking for program 'arm-none-eabi-ranlib'  : C:\foxconda\Library\bin\arm-none-eabi-ranlib.exe 
arm-none-eabi-as AS
Checking for program 'arm-none-eabi-as'      : C:\foxconda\Library\bin\arm-none-eabi-as.exe 
Basename:     foxbms-1.0-843fd5c-20180207084616-debug
Prefix:       foxbms-1.0-843fd5c-20180207084616
CFLAGS:       -mcpu=cortex-m4
              -mthumb
              -mlittle-endian
              -mfloat-abi=softfp
              -mfpu=fpv4-sp-d16
              -fmessage-length=0
              -fno-common
              -fsigned-char
              -ffunction-sections
              -fdata-sections
              -ffreestanding
              -fno-move-loop-invariants
              -Wall
              -std=c99
              -DBUILD_VERSION="1.0"
              -DBUILD_APPNAME="foxbms"
              -DDEBUG
              -DUSE_FULL_ASSERT
              -DTRACE
              -DOS_USE_TRACE_ITM
              -DUSE_HAL_DRIVER
              -DHSE_VALUE=8000000
              -g
              -O0
'configure' finished successfully (2.559s)
Waf: Entering directory `D:\itri\foxBMS\src\foxBMS-setup\build\primary'
[ 93/114] Compiling embedded-software\mcu-primary\src\application\com\com.c

['arm-none-eabi-gcc.exe', '-mcpu=cortex-m4', '-mthumb', '-mlittle-endian', '-mfloat-abi=softfp', '-mfpu=fpv4-sp-d16', '-fmessage-length=0', '-fno-common', '-fsigned-char', '-ffunction-sections', '-fdata-sections', '-ffreestanding', '-fno-move-loop-invariants', '-Wall', '-std=c99', '-DBUILD_VERSION="1.0"', '-DBUILD_APPNAME="foxbms"', '-DDEBUG', '-DUSE_FULL_ASSERT', '-DTRACE', '-DOS_USE_TRACE_ITM', '-DUSE_HAL_DRIVER', '-DHSE_VALUE=8000000', '-g', '-O0', '-I.', '-I..\\..\\embedded-software\\mcu-freertos\\Source', '-I..\\..\\embedded-software\\mcu-freertos\\Source\\CMSIS_RTOS', '-I..\\..\\embedded-software\\mcu-freertos\\Source\\include', '-I..\\..\\embedded-software\\mcu-freertos\\Source\\portable\\GCC\\ARM_CM4F', '-I..\\..\\embedded-software\\mcu-hal\\CMSIS\\Device\\ST\\STM32F4xx\\Include', '-I..\\..\\embedded-software\\mcu-hal\\CMSIS\\Include', '-I..\\..\\embedded-software\\mcu-hal\\STM32F4xx_HAL_Driver\\Inc', '-I..\\..\\embedded-software\\mcu-hal\\STM32F4xx_HAL_Driver\\Inc\\Legacy.', '-Iembedded-software\\mcu-primary\\src\\application\\bal', '-I..\\..\\embedded-software\\mcu-primary\\src\\application\\bal', '-Iembedded-software\\mcu-primary\\src\\application\\bms', '-I..\\..\\embedded-software\\mcu-primary\\src\\application\\bms', '-Iembedded-software\\mcu-primary\\src\\application\\com', '-I..\\..\\embedded-software\\mcu-primary\\src\\application\\com', '-Iembedded-software\\mcu-primary\\src\\application\\config', '-I..\\..\\embedded-software\\mcu-primary\\src\\application\\config', '-Iembedded-software\\mcu-primary\\src\\application\\sox', '-I..\\..\\embedded-software\\mcu-primary\\src\\application\\sox', '-Iembedded-software\\mcu-primary\\src\\application\\task', '-I..\\..\\embedded-software\\mcu-primary\\src\\application\\task', '-Iembedded-software\\mcu-primary\\src\\engine\\config', '-I..\\..\\embedded-software\\mcu-primary\\src\\engine\\config', '-I..\\..\\embedded-software\\mcu-common\\src\\engine\\database', '-Iembedded-software\\mcu-primary\\src\\engine\\diag', '-I..\\..\\embedded-software\\mcu-primary\\src\\engine\\diag', '-Iembedded-software\\mcu-primary\\src\\general', '-I..\\..\\embedded-software\\mcu-primary\\src\\general', '-Iembedded-software\\mcu-primary\\src\\general\\config', '-I..\\..\\embedded-software\\mcu-primary\\src\\general\\config', '-Iembedded-software\\mcu-primary\\src\\general\\config\\STM32F4xx', '-I..\\..\\embedded-software\\mcu-primary\\src\\general\\config\\STM32F4xx', '-Iembedded-software\\mcu-primary\\src\\general\\includes', '-I..\\..\\embedded-software\\mcu-primary\\src\\general\\includes', '-Iembedded-software\\mcu-primary\\src\\module\\config', '-I..\\..\\embedded-software\\mcu-primary\\src\\module\\config', '-Iembedded-software\\mcu-primary\\src\\module\\contactor', '-I..\\..\\embedded-software\\mcu-primary\\src\\module\\contactor', '-Iembedded-software\\mcu-primary\\src\\module\\nvram', '-I..\\..\\embedded-software\\mcu-primary\\src\\module\\nvram', '-I..\\..\\embedded-software\\mcu-common\\src\\module\\can', '-I..\\..\\embedded-software\\mcu-common\\src\\module\\cansignal', '-I..\\..\\embedded-software\\mcu-common\\src\\module\\io', '-I..\\..\\embedded-software\\mcu-common\\src\\module\\mcu', '-I..\\..\\embedded-software\\mcu-common\\src\\module\\ltc', '-I..\\..\\embedded-software\\mcu-common\\src\\module\\interlock', '-I..\\..\\embedded-software\\mcu-common\\src\\module\\meas', '-I..\\..\\embedded-software\\mcu-common\\src\\module\\rcc', '-I..\\..\\embedded-software\\mcu-common\\src\\module\\rtc', '-I..\\..\\embedded-software\\mcu-common\\src\\module\\uart', '-I..\\..\\embedded-software\\mcu-common\\src\\module\\utils', '-Iembedded-software\\mcu-primary\\src\\os', '-I..\\..\\embedded-software\\mcu-primary\\src\\os', '..\\..\\embedded-software\\mcu-primary\\src\\application\\com\\com.c', '-c', '-oD:\\itri\\foxBMS\\src\\foxBMS-setup\\build\\primary\\embedded-software\\mcu-primary\\src\\application\\com\\com.c.1.o']
err: ..\..\embedded-software\mcu-primary\src\application\com\com.c: In function 'rb_cmd_test1':

..\..\embedded-software\mcu-primary\src\application\com\com.c:135:2: warning: too many arguments for format [-Wformat-extra-args]

  DEBUG_PRINTF_EX("DEBUG_PRINTF_EX test, int(%d), hex(0x%02X), str(%s)\r\n", 123, 16, "A", "abc");

  ^


[109/114] Linking build\primary\embedded-software\mcu-primary\src\application\libfoxbms-application.a

['arm-none-eabi-ar.exe', 'rcs', 'embedded-software\\mcu-primary\\src\\application\\libfoxbms-application.a', 'embedded-software\\mcu-primary\\src\\application\\bal\\bal.c.1.o', 'embedded-software\\mcu-primary\\src\\application\\bms\\bms.c.1.o', 'embedded-software\\mcu-primary\\src\\application\\com\\com.c.1.o', 'embedded-software\\mcu-primary\\src\\application\\config\\appltask_cfg.c.1.o', 'embedded-software\\mcu-primary\\src\\application\\config\\bal_cfg.c.1.o', 'embedded-software\\mcu-primary\\src\\application\\config\\bms_cfg.c.1.o', 'embedded-software\\mcu-primary\\src\\application\\config\\sox_cfg.c.1.o', 'embedded-software\\mcu-primary\\src\\application\\sox\\sox.c.1.o', 'embedded-software\\mcu-primary\\src\\application\\task\\appltask.c.1.o']
[110/114] Linking build\primary\embedded-software\mcu-primary\src\general\foxbms.elf

['arm-none-eabi-g++.exe', '-mthumb', '-mlittle-endian', '-fsigned-char', '-ffreestanding', '-fno-move-loop-invariants', '-fmessage-length=0', '-fsigned-char', '-mcpu=cortex-m4', '-mfpu=fpv4-sp-d16', '-mfloat-abi=softfp', '-std=c99', '-ffunction-sections', '-fdata-sections', '-Wall', '-TD:\\itri\\foxBMS\\src\\foxBMS-setup\\embedded-software\\mcu-primary\\src\\STM32F429ZIT6_FLASH.ld', '-Wl,-Map,foxbms.map', '-Xlinker', '--gc-sections', '--specs=nosys.specs', '--specs=nano.specs', 'embedded-software\\mcu-primary\\src\\general\\config\\nvic_cfg.c.1.o', 'embedded-software\\mcu-primary\\src\\general\\config\\STM32F4xx\\stm32f4xx_hal_msp.c.1.o', 'embedded-software\\mcu-primary\\src\\general\\config\\STM32F4xx\\stm32f4xx_it.c.1.o', 'embedded-software\\mcu-primary\\src\\general\\config\\STM32F4xx\\system_stm32f4xx.c.1.o', 'embedded-software\\mcu-primary\\src\\general\\main.c.1.o', 'embedded-software\\mcu-primary\\src\\general\\nvic.c.1.o', 'embedded-software\\mcu-primary\\src\\general\\version.c.1.o', 'embedded-software\\mcu-primary\\src\\general\\config\\batterysystem_cfg.c.1.o', 'embedded-software\\mcu-primary\\src\\general\\config\\STM32F4xx\\startup_stm32f429xx.o', '-o', 'D:\\itri\\foxBMS\\src\\foxBMS-setup\\build\\primary\\embedded-software\\mcu-primary\\src\\general\\foxbms.elf', '-Wl,-Bstatic', '-Lembedded-software\\mcu-freertos', '-Lembedded-software\\mcu-primary\\src\\application', '-Lembedded-software\\mcu-common\\src\\engine', '-Lembedded-software\\mcu-primary\\src\\engine', '-Lembedded-software\\mcu-primary\\src\\module', '-Lembedded-software\\mcu-common\\src\\module', '-Lembedded-software\\mcu-hal\\STM32F4xx_HAL_Driver', '-lfoxbms-os', '-lfoxbms-application', '-lfoxbms-common-engine', '-lfoxbms-engine', '-lfoxbms-module', '-lfoxbms-common-module', '-lfoxbms-stmhal', '-Wl,-Bdynamic']
[111/114] Processing build\primary\embedded-software\mcu-primary\src\general\foxbms.elf

['python', 'D:\\itri\\foxBMS\\src\\foxBMS-setup\\tools\\checksum\\chksum.py', 'D:\\itri\\foxBMS\\src\\foxBMS-setup\\tools\\checksum\\chksum.ini', '-bd=chk5um', '-hf=embedded-software\\mcu-primary\\src\\general\\foxbms.hex']
[112/114] Compiling build\primary\embedded-software\mcu-primary\src\general\foxbms.elf

['C:\\foxconda\\Library\\bin\\arm-none-eabi-objcopy.exe', '-O', 'ihex', 'embedded-software\\mcu-primary\\src\\general\\foxbms.elf', 'embedded-software\\mcu-primary\\src\\general\\foxbms.hex']
out: ************************************************************************

* Configuration:                                                       *

* Project type:         bms                                            *

* Hex file path:        embedded-software\mcu-primary\src\general\foxbms.hex*

* Flashsize:            0x200000 (2097152)                             *

* Flash header address: 0xfff00 (1048320)                              *

* Begin address:        0xfff48 (1048392)                              *

* End address:          0xfff4c (1048396)                              *

* Checksum address:     0xfff10 (1048336)                              *

* Checksum algorithm:   crc32                                          *

* Crc polynomial:       0x04C11DB7                                     *

* 32-bit SW-Chksum:     0x257DB03F                                     *

************************************************************************

* Checksum tool successful                                             *

************************************************************************


['C:\\foxconda\\python.exe', 'D:\\itri\\foxBMS\\src\\foxBMS-setup\\tools\\checksum\\writeback.py', '--conffile', 'chk5um\\chksum.log', '--elffile', 'embedded-software\\mcu-primary\\src\\general\\foxbms.elf', '--tool', 'C:\\foxconda\\Library\\bin\\arm-none-eabi-gdb.exe']
out: 

Writing checksum 0x257DB03F into embedded-software\mcu-primary\src\general\foxbms.elf

C:\foxconda\Library\bin\arm-none-eabi-gdb.exe -q -se=embedded-software\mcu-primary\src\general\foxbms.elf --write -ex="set var ver_sw_validation.Checksum_u32=0x257DB03F" -ex="print ver_sw_validation.Checksum_u32" -ex="quit"

Reading symbols from embedded-software\mcu-primary\src\general\foxbms.elf...done.


$1 = 628994111




done...


[113/114] Compiling build\primary\embedded-software\mcu-primary\src\general\foxbms.elf

[114/114] Compiling build\primary\embedded-software\mcu-primary\src\general\foxbms.elf

['C:\\foxconda\\Library\\bin\\arm-none-eabi-objcopy.exe', '-j', '.flashheader', '-O', 'binary', 'embedded-software\\mcu-primary\\src\\general\\foxbms.elf', 'embedded-software\\mcu-primary\\src\\general\\foxbms_flashheader.bin']
['C:\\foxconda\\Library\\bin\\arm-none-eabi-objcopy.exe', '-R', '.bkp_ramsect', '-R', '.flashheader', '-O', 'binary', 'embedded-software\\mcu-primary\\src\\general\\foxbms.elf', 'embedded-software\\mcu-primary\\src\\general\\foxbms_flash.bin']
Waf: Leaving directory `D:\itri\foxBMS\src\foxBMS-setup\build\primary'
Running: 'arm-none-eabi-size --format=berkley' on all binaries.
'build' finished successfully (9.810s)
INFO:root:Success: Process return code 0
