14:38:54 **** Incremental Build of configuration build for project primary ****
python "D:\\itri\\foxBMS\\src\\foxBMS-setup\\.ws/../build.py" --primary 
Setting top to                           : D:\itri\foxBMS\src\foxBMS-setup 
Setting out to                           : D:\itri\foxBMS\src\foxBMS-setup\build\primary 
Checking for program 'arm-none-eabi-strip' : C:\foxconda\Library\bin\arm-none-eabi-strip.exe 
Checking for program 'arm-none-eabi-objcopy' : C:\foxconda\Library\bin\arm-none-eabi-objcopy.exe 
Checking for program 'arm-none-eabi-size'    : C:\foxconda\Library\bin\arm-none-eabi-size.exe 
Checking for program 'arm-none-eabi-gdb'     : C:\foxconda\Library\bin\arm-none-eabi-gdb.exe 
Checking for program 'python'                : C:\foxconda\python.exe 
Checking for program 'dot'                   : C:\foxconda\Library\bin\dot.bat 
Checking for 'gcc' (C compiler)              : arm-none-eabi-gcc.exe 
Checking for program 'doxygen'               : C:\foxconda\Scripts\doxygen.exe 
Checking for program 'tar'                   : not found 
Checking for program 'sphinx-build'          : C:\foxconda\Scripts\sphinx-build.exe 
Checking for program 'git'                   : C:\foxconda\Library\bin\git.exe 
arm-none-eabi-gcc GCC
Checking for program 'arm-none-eabi-gcc'     : C:\foxconda\Library\bin\arm-none-eabi-gcc.exe 
arm-none-eabi-ar AR
Checking for program 'arm-none-eabi-ar'      : arm-none-eabi-ar.exe 
arm-none-eabi-cpp CPP
Checking for program 'arm-none-eabi-cpp'     : C:\foxconda\Library\bin\arm-none-eabi-cpp.exe 
arm-none-eabi-ranlib RANLIB
Checking for program 'arm-none-eabi-ranlib'  : C:\foxconda\Library\bin\arm-none-eabi-ranlib.exe 
arm-none-eabi-as AS
Checking for program 'arm-none-eabi-as'      : C:\foxconda\Library\bin\arm-none-eabi-as.exe 
Basename:     foxbms-1.0-f499170-20180207063900-debug
Prefix:       foxbms-1.0-f499170-20180207063900
CFLAGS:       -mcpu=cortex-m4
              -mthumb
              -mlittle-endian
              -mfloat-abi=softfp
              -mfpu=fpv4-sp-d16
              -fmessage-length=0
              -fno-common
              -fsigned-char
              -ffunction-sections
              -fdata-sections
              -ffreestanding
              -fno-move-loop-invariants
              -Wall
              -std=c99
              -DBUILD_VERSION="1.0"
              -DBUILD_APPNAME="foxbms"
              -DDEBUG
              -DUSE_FULL_ASSERT
              -DTRACE
              -DOS_USE_TRACE_ITM
              -DUSE_HAL_DRIVER
              -DHSE_VALUE=8000000
              -g
              -O0
'configure' finished successfully (3.304s)
Waf: Entering directory `D:\itri\foxBMS\src\foxBMS-setup\build\primary'
[ 49/114] Compiling embedded-software\mcu-common\src\module\uart\uart.c

['arm-none-eabi-gcc.exe', '-mcpu=cortex-m4', '-mthumb', '-mlittle-endian', '-mfloat-abi=softfp', '-mfpu=fpv4-sp-d16', '-fmessage-length=0', '-fno-common', '-fsigned-char', '-ffunction-sections', '-fdata-sections', '-ffreestanding', '-fno-move-loop-invariants', '-Wall', '-std=c99', '-DBUILD_VERSION="1.0"', '-DBUILD_APPNAME="foxbms"', '-DDEBUG', '-DUSE_FULL_ASSERT', '-DTRACE', '-DOS_USE_TRACE_ITM', '-DUSE_HAL_DRIVER', '-DHSE_VALUE=8000000', '-g', '-O0', '-I.', '-I..\\..\\embedded-software\\mcu-freertos\\Source', '-I..\\..\\embedded-software\\mcu-freertos\\Source\\CMSIS_RTOS', '-I..\\..\\embedded-software\\mcu-freertos\\Source\\include', '-I..\\..\\embedded-software\\mcu-freertos\\Source\\portable\\GCC\\ARM_CM4F', '-I..\\..\\embedded-software\\mcu-hal\\CMSIS\\Device\\ST\\STM32F4xx\\Include', '-I..\\..\\embedded-software\\mcu-hal\\CMSIS\\Include', '-I..\\..\\embedded-software\\mcu-hal\\STM32F4xx_HAL_Driver\\Inc', '-I..\\..\\embedded-software\\mcu-hal\\STM32F4xx_HAL_Driver\\Inc\\Legacy.', '-I..\\..\\embedded-software\\mcu-primary\\src\\application\\config', '-I..\\..\\embedded-software\\mcu-primary\\src\\application\\sox', '-I..\\..\\embedded-software\\mcu-primary\\src\\engine\\config', '-Iembedded-software\\mcu-common\\src\\engine\\database', '-I..\\..\\embedded-software\\mcu-common\\src\\engine\\database', '-I..\\..\\embedded-software\\mcu-primary\\src\\engine\\diag', '-I..\\..\\embedded-software\\mcu-primary\\src\\engine\\sys', '-I..\\..\\embedded-software\\mcu-primary\\src\\general', '-I..\\..\\embedded-software\\mcu-primary\\src\\general\\config', '-I..\\..\\embedded-software\\mcu-primary\\src\\general\\config\\STM32F4xx', '-I..\\..\\embedded-software\\mcu-primary\\src\\general\\includes', '-Iembedded-software\\mcu-common\\src\\module\\adc', '-I..\\..\\embedded-software\\mcu-common\\src\\module\\adc', '-Iembedded-software\\mcu-common\\src\\module\\can', '-I..\\..\\embedded-software\\mcu-common\\src\\module\\can', '-Iembedded-software\\mcu-common\\src\\module\\cansignal', '-I..\\..\\embedded-software\\mcu-common\\src\\module\\cansignal', '-Iembedded-software\\mcu-common\\src\\module\\chksum', '-I..\\..\\embedded-software\\mcu-common\\src\\module\\chksum', '-Iembedded-software\\mcu-common\\src\\module\\dma', '-I..\\..\\embedded-software\\mcu-common\\src\\module\\dma', '-Iembedded-software\\mcu-common\\src\\module\\io', '-I..\\..\\embedded-software\\mcu-common\\src\\module\\io', '-Iembedded-software\\mcu-common\\src\\module\\meas', '-I..\\..\\embedded-software\\mcu-common\\src\\module\\meas', '-Iembedded-software\\mcu-common\\src\\module\\ltc', '-I..\\..\\embedded-software\\mcu-common\\src\\module\\ltc', '-Iembedded-software\\mcu-common\\src\\module\\mcu', '-I..\\..\\embedded-software\\mcu-common\\src\\module\\mcu', '-Iembedded-software\\mcu-common\\src\\module\\rcc', '-I..\\..\\embedded-software\\mcu-common\\src\\module\\rcc', '-Iembedded-software\\mcu-common\\src\\module\\rtc', '-I..\\..\\embedded-software\\mcu-common\\src\\module\\rtc', '-Iembedded-software\\mcu-common\\src\\module\\spi', '-I..\\..\\embedded-software\\mcu-common\\src\\module\\spi', '-Iembedded-software\\mcu-common\\src\\module\\uart', '-I..\\..\\embedded-software\\mcu-common\\src\\module\\uart', '-Iembedded-software\\mcu-common\\src\\module\\utils', '-I..\\..\\embedded-software\\mcu-common\\src\\module\\utils', '-I..\\..\\embedded-software\\mcu-primary\\src\\module\\config', '-I..\\..\\embedded-software\\mcu-primary\\src\\module\\contactor', '-I..\\..\\embedded-software\\mcu-primary\\src\\module\\nvram', '-I..\\..\\embedded-software\\mcu-primary\\src\\module\\intermcu', '-I..\\..\\embedded-software\\mcu-primary\\src\\module\\isoguard', '-I..\\..\\embedded-software\\mcu-primary\\src\\module\\timer', '-I..\\..\\embedded-software\\mcu-primary\\src\\os', '..\\..\\embedded-software\\mcu-common\\src\\module\\uart\\uart.c', '-c', '-oD:\\itri\\foxBMS\\src\\foxBMS-setup\\build\\primary\\embedded-software\\mcu-common\\src\\module\\uart\\uart.c.1.o']
[ 86/114] Compiling embedded-software\mcu-primary\src\engine\diag\diag.c

['arm-none-eabi-gcc.exe', '-mcpu=cortex-m4', '-mthumb', '-mlittle-endian', '-mfloat-abi=softfp', '-mfpu=fpv4-sp-d16', '-fmessage-length=0', '-fno-common', '-fsigned-char', '-ffunction-sections', '-fdata-sections', '-ffreestanding', '-fno-move-loop-invariants', '-Wall', '-std=c99', '-DBUILD_VERSION="1.0"', '-DBUILD_APPNAME="foxbms"', '-DDEBUG', '-DUSE_FULL_ASSERT', '-DTRACE', '-DOS_USE_TRACE_ITM', '-DUSE_HAL_DRIVER', '-DHSE_VALUE=8000000', '-g', '-O0', '-I.', '-I..\\..\\embedded-software\\mcu-freertos\\Source', '-I..\\..\\embedded-software\\mcu-freertos\\Source\\CMSIS_RTOS', '-I..\\..\\embedded-software\\mcu-freertos\\Source\\include', '-I..\\..\\embedded-software\\mcu-freertos\\Source\\portable\\GCC\\ARM_CM4F', '-I..\\..\\embedded-software\\mcu-hal\\CMSIS\\Device\\ST\\STM32F4xx\\Include', '-I..\\..\\embedded-software\\mcu-hal\\CMSIS\\Include', '-I..\\..\\embedded-software\\mcu-hal\\STM32F4xx_HAL_Driver\\Inc', '-I..\\..\\embedded-software\\mcu-hal\\STM32F4xx_HAL_Driver\\Inc\\Legacy.', '-Iembedded-software\\mcu-primary\\src\\application\\bal', '-I..\\..\\embedded-software\\mcu-primary\\src\\application\\bal', '-Iembedded-software\\mcu-primary\\src\\application\\config', '-I..\\..\\embedded-software\\mcu-primary\\src\\application\\config', '-Iembedded-software\\mcu-primary\\src\\application\\sox', '-I..\\..\\embedded-software\\mcu-primary\\src\\application\\sox', '-Iembedded-software\\mcu-primary\\src\\application\\bms', '-I..\\..\\embedded-software\\mcu-primary\\src\\application\\bms', '-Iembedded-software\\mcu-primary\\src\\engine\\config', '-I..\\..\\embedded-software\\mcu-primary\\src\\engine\\config', '-I..\\..\\embedded-software\\mcu-common\\src\\engine\\database', '-Iembedded-software\\mcu-primary\\src\\engine\\diag', '-I..\\..\\embedded-software\\mcu-primary\\src\\engine\\diag', '-Iembedded-software\\mcu-primary\\src\\engine\\sys', '-I..\\..\\embedded-software\\mcu-primary\\src\\engine\\sys', '-Iembedded-software\\mcu-primary\\src\\engine\\bms', '-I..\\..\\embedded-software\\mcu-primary\\src\\engine\\bms', '-Iembedded-software\\mcu-primary\\src\\engine\\task', '-I..\\..\\embedded-software\\mcu-primary\\src\\engine\\task', '-Iembedded-software\\mcu-primary\\src\\general', '-I..\\..\\embedded-software\\mcu-primary\\src\\general', '-Iembedded-software\\mcu-primary\\src\\general\\config', '-I..\\..\\embedded-software\\mcu-primary\\src\\general\\config', '-Iembedded-software\\mcu-primary\\src\\general\\config\\STM32F4xx', '-I..\\..\\embedded-software\\mcu-primary\\src\\general\\config\\STM32F4xx', '-Iembedded-software\\mcu-primary\\src\\general\\includes', '-I..\\..\\embedded-software\\mcu-primary\\src\\general\\includes', '-Iembedded-software\\mcu-primary\\src\\module\\adc', '-I..\\..\\embedded-software\\mcu-primary\\src\\module\\adc', '-Iembedded-software\\mcu-primary\\src\\module\\com', '-I..\\..\\embedded-software\\mcu-primary\\src\\module\\com', '-Iembedded-software\\mcu-primary\\src\\module\\config', '-I..\\..\\embedded-software\\mcu-primary\\src\\module\\config', '-Iembedded-software\\mcu-primary\\src\\module\\contactor', '-I..\\..\\embedded-software\\mcu-primary\\src\\module\\contactor', '-Iembedded-software\\mcu-primary\\src\\module\\nvram', '-I..\\..\\embedded-software\\mcu-primary\\src\\module\\nvram', '-Iembedded-software\\mcu-primary\\src\\module\\intermcu', '-I..\\..\\embedded-software\\mcu-primary\\src\\module\\intermcu', '-Iembedded-software\\mcu-primary\\src\\module\\isoguard', '-I..\\..\\embedded-software\\mcu-primary\\src\\module\\isoguard', '-I..\\..\\embedded-software\\mcu-common\\src\\module\\adc', '-I..\\..\\embedded-software\\mcu-common\\src\\module\\can', '-I..\\..\\embedded-software\\mcu-common\\src\\module\\cansignal', '-I..\\..\\embedded-software\\mcu-common\\src\\module\\dma', '-I..\\..\\embedded-software\\mcu-common\\src\\module\\interlock', '-I..\\..\\embedded-software\\mcu-common\\src\\module\\io', '-I..\\..\\embedded-software\\mcu-common\\src\\module\\ltc', '-I..\\..\\embedded-software\\mcu-common\\src\\module\\mcu', '-I..\\..\\embedded-software\\mcu-common\\src\\module\\meas', '-I..\\..\\embedded-software\\mcu-common\\src\\module\\rcc', '-I..\\..\\embedded-software\\mcu-common\\src\\module\\rtc', '-I..\\..\\embedded-software\\mcu-common\\src\\module\\spi', '-I..\\..\\embedded-software\\mcu-common\\src\\module\\uart', '-I..\\..\\embedded-software\\mcu-common\\src\\module\\utils', '-I..\\..\\embedded-software\\mcu-common\\src\\module\\watchdog', '-Iembedded-software\\mcu-primary\\src\\os', '-I..\\..\\embedded-software\\mcu-primary\\src\\os', '..\\..\\embedded-software\\mcu-primary\\src\\engine\\diag\\diag.c', '-c', '-oD:\\itri\\foxBMS\\src\\foxBMS-setup\\build\\primary\\embedded-software\\mcu-primary\\src\\engine\\diag\\diag.c.1.o']
[ 91/114] Compiling embedded-software\mcu-primary\src\application\com\com.c

['arm-none-eabi-gcc.exe', '-mcpu=cortex-m4', '-mthumb', '-mlittle-endian', '-mfloat-abi=softfp', '-mfpu=fpv4-sp-d16', '-fmessage-length=0', '-fno-common', '-fsigned-char', '-ffunction-sections', '-fdata-sections', '-ffreestanding', '-fno-move-loop-invariants', '-Wall', '-std=c99', '-DBUILD_VERSION="1.0"', '-DBUILD_APPNAME="foxbms"', '-DDEBUG', '-DUSE_FULL_ASSERT', '-DTRACE', '-DOS_USE_TRACE_ITM', '-DUSE_HAL_DRIVER', '-DHSE_VALUE=8000000', '-g', '-O0', '-I.', '-I..\\..\\embedded-software\\mcu-freertos\\Source', '-I..\\..\\embedded-software\\mcu-freertos\\Source\\CMSIS_RTOS', '-I..\\..\\embedded-software\\mcu-freertos\\Source\\include', '-I..\\..\\embedded-software\\mcu-freertos\\Source\\portable\\GCC\\ARM_CM4F', '-I..\\..\\embedded-software\\mcu-hal\\CMSIS\\Device\\ST\\STM32F4xx\\Include', '-I..\\..\\embedded-software\\mcu-hal\\CMSIS\\Include', '-I..\\..\\embedded-software\\mcu-hal\\STM32F4xx_HAL_Driver\\Inc', '-I..\\..\\embedded-software\\mcu-hal\\STM32F4xx_HAL_Driver\\Inc\\Legacy.', '-Iembedded-software\\mcu-primary\\src\\application\\bal', '-I..\\..\\embedded-software\\mcu-primary\\src\\application\\bal', '-Iembedded-software\\mcu-primary\\src\\application\\bms', '-I..\\..\\embedded-software\\mcu-primary\\src\\application\\bms', '-Iembedded-software\\mcu-primary\\src\\application\\com', '-I..\\..\\embedded-software\\mcu-primary\\src\\application\\com', '-Iembedded-software\\mcu-primary\\src\\application\\config', '-I..\\..\\embedded-software\\mcu-primary\\src\\application\\config', '-Iembedded-software\\mcu-primary\\src\\application\\sox', '-I..\\..\\embedded-software\\mcu-primary\\src\\application\\sox', '-Iembedded-software\\mcu-primary\\src\\application\\task', '-I..\\..\\embedded-software\\mcu-primary\\src\\application\\task', '-Iembedded-software\\mcu-primary\\src\\engine\\config', '-I..\\..\\embedded-software\\mcu-primary\\src\\engine\\config', '-I..\\..\\embedded-software\\mcu-common\\src\\engine\\database', '-Iembedded-software\\mcu-primary\\src\\engine\\diag', '-I..\\..\\embedded-software\\mcu-primary\\src\\engine\\diag', '-Iembedded-software\\mcu-primary\\src\\general', '-I..\\..\\embedded-software\\mcu-primary\\src\\general', '-Iembedded-software\\mcu-primary\\src\\general\\config', '-I..\\..\\embedded-software\\mcu-primary\\src\\general\\config', '-Iembedded-software\\mcu-primary\\src\\general\\config\\STM32F4xx', '-I..\\..\\embedded-software\\mcu-primary\\src\\general\\config\\STM32F4xx', '-Iembedded-software\\mcu-primary\\src\\general\\includes', '-I..\\..\\embedded-software\\mcu-primary\\src\\general\\includes', '-Iembedded-software\\mcu-primary\\src\\module\\config', '-I..\\..\\embedded-software\\mcu-primary\\src\\module\\config', '-Iembedded-software\\mcu-primary\\src\\module\\contactor', '-I..\\..\\embedded-software\\mcu-primary\\src\\module\\contactor', '-Iembedded-software\\mcu-primary\\src\\module\\nvram', '-I..\\..\\embedded-software\\mcu-primary\\src\\module\\nvram', '-I..\\..\\embedded-software\\mcu-common\\src\\module\\can', '-I..\\..\\embedded-software\\mcu-common\\src\\module\\cansignal', '-I..\\..\\embedded-software\\mcu-common\\src\\module\\io', '-I..\\..\\embedded-software\\mcu-common\\src\\module\\mcu', '-I..\\..\\embedded-software\\mcu-common\\src\\module\\ltc', '-I..\\..\\embedded-software\\mcu-common\\src\\module\\interlock', '-I..\\..\\embedded-software\\mcu-common\\src\\module\\meas', '-I..\\..\\embedded-software\\mcu-common\\src\\module\\rcc', '-I..\\..\\embedded-software\\mcu-common\\src\\module\\rtc', '-I..\\..\\embedded-software\\mcu-common\\src\\module\\uart', '-I..\\..\\embedded-software\\mcu-common\\src\\module\\utils', '-Iembedded-software\\mcu-primary\\src\\os', '-I..\\..\\embedded-software\\mcu-primary\\src\\os', '..\\..\\embedded-software\\mcu-primary\\src\\application\\com\\com.c', '-c', '-oD:\\itri\\foxBMS\\src\\foxBMS-setup\\build\\primary\\embedded-software\\mcu-primary\\src\\application\\com\\com.c.1.o']
[100/114] Compiling embedded-software\mcu-primary\src\general\config\STM32F4xx\stm32f4xx_it.c

['arm-none-eabi-gcc.exe', '-mcpu=cortex-m4', '-mthumb', '-mlittle-endian', '-mfloat-abi=softfp', '-mfpu=fpv4-sp-d16', '-fmessage-length=0', '-fno-common', '-fsigned-char', '-ffunction-sections', '-fdata-sections', '-ffreestanding', '-fno-move-loop-invariants', '-Wall', '-std=c99', '-DBUILD_VERSION="1.0"', '-DBUILD_APPNAME="foxbms"', '-DDEBUG', '-DUSE_FULL_ASSERT', '-DTRACE', '-DOS_USE_TRACE_ITM', '-DUSE_HAL_DRIVER', '-DHSE_VALUE=8000000', '-g', '-O0', '-I.', '-I..\\..\\embedded-software\\mcu-freertos\\Source', '-I..\\..\\embedded-software\\mcu-freertos\\Source\\CMSIS_RTOS', '-I..\\..\\embedded-software\\mcu-freertos\\Source\\include', '-I..\\..\\embedded-software\\mcu-freertos\\Source\\portable\\GCC\\ARM_CM4F', '-I..\\..\\embedded-software\\mcu-hal\\CMSIS\\Device\\ST\\STM32F4xx\\Include', '-I..\\..\\embedded-software\\mcu-hal\\CMSIS\\Include', '-I..\\..\\embedded-software\\mcu-hal\\STM32F4xx_HAL_Driver\\Inc', '-I..\\..\\embedded-software\\mcu-hal\\STM32F4xx_HAL_Driver\\Inc\\Legacy.', '-Iembedded-software\\mcu-primary\\src\\application\\bal', '-I..\\..\\embedded-software\\mcu-primary\\src\\application\\bal', '-Iembedded-software\\mcu-primary\\src\\application\\com', '-I..\\..\\embedded-software\\mcu-primary\\src\\application\\com', '-Iembedded-software\\mcu-primary\\src\\application\\config', '-I..\\..\\embedded-software\\mcu-primary\\src\\application\\config', '-Iembedded-software\\mcu-primary\\src\\application\\sox', '-I..\\..\\embedded-software\\mcu-primary\\src\\application\\sox', '-Iembedded-software\\mcu-primary\\src\\engine\\sys', '-I..\\..\\embedded-software\\mcu-primary\\src\\engine\\sys', '-Iembedded-software\\mcu-primary\\src\\engine\\bms', '-I..\\..\\embedded-software\\mcu-primary\\src\\engine\\bms', '-Iembedded-software\\mcu-primary\\src\\engine\\config', '-I..\\..\\embedded-software\\mcu-primary\\src\\engine\\config', '-I..\\..\\embedded-software\\mcu-common\\src\\engine\\database', '-Iembedded-software\\mcu-primary\\src\\engine\\diag', '-I..\\..\\embedded-software\\mcu-primary\\src\\engine\\diag', '-Iembedded-software\\mcu-primary\\src\\engine\\task', '-I..\\..\\embedded-software\\mcu-primary\\src\\engine\\task', '-Iembedded-software\\mcu-primary\\src\\general', '-I..\\..\\embedded-software\\mcu-primary\\src\\general', '-Iembedded-software\\mcu-primary\\src\\general\\config', '-I..\\..\\embedded-software\\mcu-primary\\src\\general\\config', '-Iembedded-software\\mcu-primary\\src\\general\\includes', '-I..\\..\\embedded-software\\mcu-primary\\src\\general\\includes', '-Iembedded-software\\mcu-primary\\src\\general\\config\\STM32F4xx', '-I..\\..\\embedded-software\\mcu-primary\\src\\general\\config\\STM32F4xx', '-Iembedded-software\\mcu-primary\\src\\module\\config', '-I..\\..\\embedded-software\\mcu-primary\\src\\module\\config', '-Iembedded-software\\mcu-primary\\src\\module\\contactor', '-I..\\..\\embedded-software\\mcu-primary\\src\\module\\contactor', '-Iembedded-software\\mcu-primary\\src\\module\\timer', '-I..\\..\\embedded-software\\mcu-primary\\src\\module\\timer', '-Iembedded-software\\mcu-primary\\src\\module\\nvram', '-I..\\..\\embedded-software\\mcu-primary\\src\\module\\nvram', '-I..\\..\\embedded-software\\mcu-common\\src\\module\\adc', '-I..\\..\\embedded-software\\mcu-common\\src\\module\\can', '-I..\\..\\embedded-software\\mcu-common\\src\\module\\chksum', '-I..\\..\\embedded-software\\mcu-common\\src\\module\\dma', '-I..\\..\\embedded-software\\mcu-common\\src\\module\\interlock', '-I..\\..\\embedded-software\\mcu-common\\src\\module\\io', '-I..\\..\\embedded-software\\mcu-common\\src\\module\\rcc', '-I..\\..\\embedded-software\\mcu-common\\src\\module\\rtc', '-I..\\..\\embedded-software\\mcu-common\\src\\module\\mcu', '-I..\\..\\embedded-software\\mcu-common\\src\\module\\ltc', '-I..\\..\\embedded-software\\mcu-common\\src\\module\\meas', '-I..\\..\\embedded-software\\mcu-common\\src\\module\\spi', '-I..\\..\\embedded-software\\mcu-common\\src\\module\\uart', '-I..\\..\\embedded-software\\mcu-common\\src\\module\\utils', '-I..\\..\\embedded-software\\mcu-common\\src\\module\\watchdog', '-Iembedded-software\\mcu-primary\\src\\os', '-I..\\..\\embedded-software\\mcu-primary\\src\\os', '..\\..\\embedded-software\\mcu-primary\\src\\general\\config\\STM32F4xx\\stm32f4xx_it.c', '-c', '-oD:\\itri\\foxBMS\\src\\foxBMS-setup\\build\\primary\\embedded-software\\mcu-primary\\src\\general\\config\\STM32F4xx\\stm32f4xx_it.c.1.o']
[106/114] Compiling embedded-software\mcu-primary\src\general\main.c

['arm-none-eabi-gcc.exe', '-mcpu=cortex-m4', '-mthumb', '-mlittle-endian', '-mfloat-abi=softfp', '-mfpu=fpv4-sp-d16', '-fmessage-length=0', '-fno-common', '-fsigned-char', '-ffunction-sections', '-fdata-sections', '-ffreestanding', '-fno-move-loop-invariants', '-Wall', '-std=c99', '-DBUILD_VERSION="1.0"', '-DBUILD_APPNAME="foxbms"', '-DDEBUG', '-DUSE_FULL_ASSERT', '-DTRACE', '-DOS_USE_TRACE_ITM', '-DUSE_HAL_DRIVER', '-DHSE_VALUE=8000000', '-g', '-O0', '-I.', '-I..\\..\\embedded-software\\mcu-freertos\\Source', '-I..\\..\\embedded-software\\mcu-freertos\\Source\\CMSIS_RTOS', '-I..\\..\\embedded-software\\mcu-freertos\\Source\\include', '-I..\\..\\embedded-software\\mcu-freertos\\Source\\portable\\GCC\\ARM_CM4F', '-I..\\..\\embedded-software\\mcu-hal\\CMSIS\\Device\\ST\\STM32F4xx\\Include', '-I..\\..\\embedded-software\\mcu-hal\\CMSIS\\Include', '-I..\\..\\embedded-software\\mcu-hal\\STM32F4xx_HAL_Driver\\Inc', '-I..\\..\\embedded-software\\mcu-hal\\STM32F4xx_HAL_Driver\\Inc\\Legacy.', '-Iembedded-software\\mcu-primary\\src\\application\\bal', '-I..\\..\\embedded-software\\mcu-primary\\src\\application\\bal', '-Iembedded-software\\mcu-primary\\src\\application\\com', '-I..\\..\\embedded-software\\mcu-primary\\src\\application\\com', '-Iembedded-software\\mcu-primary\\src\\application\\config', '-I..\\..\\embedded-software\\mcu-primary\\src\\application\\config', '-Iembedded-software\\mcu-primary\\src\\application\\sox', '-I..\\..\\embedded-software\\mcu-primary\\src\\application\\sox', '-Iembedded-software\\mcu-primary\\src\\engine\\sys', '-I..\\..\\embedded-software\\mcu-primary\\src\\engine\\sys', '-Iembedded-software\\mcu-primary\\src\\engine\\bms', '-I..\\..\\embedded-software\\mcu-primary\\src\\engine\\bms', '-Iembedded-software\\mcu-primary\\src\\engine\\config', '-I..\\..\\embedded-software\\mcu-primary\\src\\engine\\config', '-I..\\..\\embedded-software\\mcu-common\\src\\engine\\database', '-Iembedded-software\\mcu-primary\\src\\engine\\diag', '-I..\\..\\embedded-software\\mcu-primary\\src\\engine\\diag', '-Iembedded-software\\mcu-primary\\src\\engine\\task', '-I..\\..\\embedded-software\\mcu-primary\\src\\engine\\task', '-Iembedded-software\\mcu-primary\\src\\general', '-I..\\..\\embedded-software\\mcu-primary\\src\\general', '-Iembedded-software\\mcu-primary\\src\\general\\config', '-I..\\..\\embedded-software\\mcu-primary\\src\\general\\config', '-Iembedded-software\\mcu-primary\\src\\general\\includes', '-I..\\..\\embedded-software\\mcu-primary\\src\\general\\includes', '-Iembedded-software\\mcu-primary\\src\\general\\config\\STM32F4xx', '-I..\\..\\embedded-software\\mcu-primary\\src\\general\\config\\STM32F4xx', '-Iembedded-software\\mcu-primary\\src\\module\\config', '-I..\\..\\embedded-software\\mcu-primary\\src\\module\\config', '-Iembedded-software\\mcu-primary\\src\\module\\contactor', '-I..\\..\\embedded-software\\mcu-primary\\src\\module\\contactor', '-Iembedded-software\\mcu-primary\\src\\module\\timer', '-I..\\..\\embedded-software\\mcu-primary\\src\\module\\timer', '-Iembedded-software\\mcu-primary\\src\\module\\nvram', '-I..\\..\\embedded-software\\mcu-primary\\src\\module\\nvram', '-I..\\..\\embedded-software\\mcu-common\\src\\module\\adc', '-I..\\..\\embedded-software\\mcu-common\\src\\module\\can', '-I..\\..\\embedded-software\\mcu-common\\src\\module\\chksum', '-I..\\..\\embedded-software\\mcu-common\\src\\module\\dma', '-I..\\..\\embedded-software\\mcu-common\\src\\module\\interlock', '-I..\\..\\embedded-software\\mcu-common\\src\\module\\io', '-I..\\..\\embedded-software\\mcu-common\\src\\module\\rcc', '-I..\\..\\embedded-software\\mcu-common\\src\\module\\rtc', '-I..\\..\\embedded-software\\mcu-common\\src\\module\\mcu', '-I..\\..\\embedded-software\\mcu-common\\src\\module\\ltc', '-I..\\..\\embedded-software\\mcu-common\\src\\module\\meas', '-I..\\..\\embedded-software\\mcu-common\\src\\module\\spi', '-I..\\..\\embedded-software\\mcu-common\\src\\module\\uart', '-I..\\..\\embedded-software\\mcu-common\\src\\module\\utils', '-I..\\..\\embedded-software\\mcu-common\\src\\module\\watchdog', '-Iembedded-software\\mcu-primary\\src\\os', '-I..\\..\\embedded-software\\mcu-primary\\src\\os', '..\\..\\embedded-software\\mcu-primary\\src\\general\\main.c', '-c', '-oD:\\itri\\foxBMS\\src\\foxBMS-setup\\build\\primary\\embedded-software\\mcu-primary\\src\\general\\main.c.1.o']
err: ..\..\embedded-software\mcu-primary\src\application\com\com.c: In function 'rb_cmd_test1':

..\..\embedded-software\mcu-primary\src\application\com\com.c:135:2: warning: format '%c' expects argument of type 'int', but argument 5 has type 'char *' [-Wformat=]

  DEBUG_PRINTF_EX("DEBUG_PRINTF_EX test, int(%d), hex(0x%02X), char(%c), str(%s)\r\n", 123, 16, "A", "abc");

  ^

..\..\embedded-software\mcu-primary\src\application\com\com.c: In function 'exe_rb_cmd':

..\..\embedded-software\mcu-primary\src\application\com\com.c:149:10: warning: type of 'uart_com_receivedbyte' defaults to 'int'

 uint32_t exe_rb_cmd(com_receivedbyte) {

          ^

..\..\embedded-software\mcu-primary\src\application\com\com.c:65:30: warning: passing argument 1 of 'strtok' makes pointer from integer without a cast

 #define com_receivedbyte     uart_com_receivedbyte

                              ^

..\..\embedded-software\mcu-primary\src\application\com\com.c:151:22: note: in expansion of macro 'com_receivedbyte'

  char* pCmd = strtok(com_receivedbyte, " ");

                      ^

In file included from c:\foxconda\library\arm-none-eabi\include\string.h:10:0,

                 from ..\..\embedded-software\mcu-primary\src\application\com\com.c:52:

c:\foxconda\library\arm-none-eabi\include\string.h:42:8: note: expected 'char * restrict' but argument is of type 'int'

 char  *_EXFUN(strtok,(char *__restrict, const char *__restrict));

        ^

..\..\embedded-software\mcu-primary\src\application\com\com.c: In function 'COM_printHelpCommand':

..\..\embedded-software\mcu-primary\src\application\com\com.c:219:4: error: a label can only be part of a statement and a declaration is not a statement

    static uint8_t rb_cmd_idx = 0;

    ^

..\..\embedded-software\mcu-primary\src\application\com\com.c:220:4: warning: format '%s' expects argument of type 'char *', but argument 3 has type 'RB_CMD_s' [-Wformat=]

    DEBUG_PRINTF_EX("%s => %s\r\n", rb_cmds[0], rb_cmds[1]);

    ^

..\..\embedded-software\mcu-primary\src\application\com\com.c:220:4: warning: format '%s' expects argument of type 'char *', but argument 4 has type 'RB_CMD_s' [-Wformat=]


Waf: Leaving directory `D:\itri\foxBMS\src\foxBMS-setup\build\primary'
ERROR:root:Build failed

 -> task in 'foxbms-application' failed with exit status 1 (run with -v to display more information)


ERROR:root:Error: Process return code 1

14:39:04 Build Finished (took 10s.60ms)

